<?xml version="1.0" encoding="UTF-8"?>
<!-- Generated by org.testng.reporters.JUnitXMLReporter -->
<testsuite ignored="2" hostname="Rahul-Unison" failures="0" tests="1" name="Default test" time="18.68" errors="0" timestamp="2022-06-08T15:22:29 IST">
  <testcase classname="TestCases.DashboardPageTest" name="varifyEmailTest" time="2.144"/>
  <testcase classname="TestCases.DashboardPageTest" name="varifyUsernameTest" time="0.0">
    <ignored/>
  </testcase> <!-- varifyUsernameTest -->
  <testcase classname="TestCases.DashboardPageTest" name="placeGTTOrderTest" time="0.0">
    <ignored/>
  </testcase> <!-- placeGTTOrderTest -->
</testsuite> <!-- Default test -->
