<?xml version="1.0" encoding="UTF-8"?>
<testng-results ignored="2" total="3" passed="1" failed="0" skipped="0">
  <reporter-output>
  </reporter-output>
  <suite started-at="2022-06-08T15:22:10 IST" name="Default suite" finished-at="2022-06-08T15:22:29 IST" duration-ms="18680">
    <groups>
    </groups>
    <test started-at="2022-06-08T15:22:10 IST" name="Default test" finished-at="2022-06-08T15:22:29 IST" duration-ms="18680">
      <class name="TestCases.DashboardPageTest">
        <test-method is-config="true" signature="setUp()[pri:0, instance:TestCases.DashboardPageTest@4fb3ee4e]" started-at="2022-06-08T15:22:11 IST" name="setUp" finished-at="2022-06-08T15:22:26 IST" duration-ms="15673" status="PASS">
          <reporter-output>
          </reporter-output>
        </test-method> <!-- setUp -->
        <test-method signature="varifyEmailTest()[pri:0, instance:TestCases.DashboardPageTest@4fb3ee4e]" started-at="2022-06-08T15:22:26 IST" name="varifyEmailTest" finished-at="2022-06-08T15:22:28 IST" duration-ms="2144" status="PASS">
          <reporter-output>
          </reporter-output>
        </test-method> <!-- varifyEmailTest -->
        <test-method is-config="true" signature="exit()[pri:0, instance:TestCases.DashboardPageTest@4fb3ee4e]" started-at="2022-06-08T15:22:28 IST" name="exit" finished-at="2022-06-08T15:22:29 IST" duration-ms="830" status="PASS">
          <reporter-output>
          </reporter-output>
        </test-method> <!-- exit -->
      </class> <!-- TestCases.DashboardPageTest -->
    </test> <!-- Default test -->
  </suite> <!-- Default suite -->
</testng-results>
